\BOOKMARK [1][-]{section.0.1}{\376\377\000A\000b\000s\000t\000r\000a\000c\000t}{}% 1
\BOOKMARK [1][-]{section.0.2}{\376\377\000I\000n\000t\000r\000o\000d\000u\000c\000t\000i\000o\000n}{}% 2
\BOOKMARK [1][-]{section.0.3}{\376\377\000L\000i\000t\000e\000r\000a\000t\000u\000r\000e\000\040\000R\000e\000v\000i\000e\000w}{}% 3
\BOOKMARK [1][-]{section.0.4}{\376\377\000L\000o\000a\000d\000i\000n\000g\000\040\000t\000h\000e\000\040\000D\000a\000t\000a}{}% 4
\BOOKMARK [2][-]{subsection.0.4.1}{\376\377\000L\000o\000a\000d\000i\000n\000g\000\040\000t\000h\000e\000\040\000g\000i\000v\000e\000n\000\040\000d\000a\000t\000a\000s\000e\000t}{section.0.4}% 5
\BOOKMARK [2][-]{subsection.0.4.2}{\376\377\000L\000o\000a\000d\000i\000n\000g\000\040\000P\000V\000\040\000d\000a\000t\000a}{section.0.4}% 6
\BOOKMARK [1][-]{section.0.5}{\376\377\000D\000e\000s\000c\000r\000i\000b\000i\000n\000g\000\040\000t\000h\000e\000\040\000D\000a\000t\000a}{}% 7
\BOOKMARK [2][-]{subsection.0.5.1}{\376\377\000D\000e\000s\000c\000r\000i\000p\000t\000i\000o\000n\000\040\000o\000f\000\040\000t\000h\000e\000\040\000G\000i\000t\000h\000u\000b\000\040\000D\000a\000t\000a}{section.0.5}% 8
\BOOKMARK [2][-]{subsection.0.5.2}{\376\377\000D\000e\000s\000c\000r\000i\000p\000t\000i\000o\000n\000\040\000o\000f\000\040\000S\000c\000r\000a\000p\000e\000d\000\040\000R\000o\000o\000f\000t\000o\000p\000\040\000P\000V\000\040\000D\000a\000t\000a}{section.0.5}% 9
\BOOKMARK [2][-]{subsection.0.5.3}{\376\377\000A\000s\000s\000u\000m\000p\000t\000i\000o\000n\000s}{section.0.5}% 10
\BOOKMARK [1][-]{section.0.6}{\376\377\000M\000o\000d\000e\000l\000l\000i\000n\000g}{}% 11
\BOOKMARK [2][-]{subsection.0.6.1}{\376\377\000I\000n\000t\000r\000o\000d\000u\000c\000t\000i\000o\000n\000\040\000t\000o\000\040\000M\000o\000d\000e\000l\000l\000i\000n\000g\000\040\000M\000e\000t\000h\000o\000d\000s}{section.0.6}% 12
\BOOKMARK [2][-]{subsection.0.6.2}{\376\377\000D\000e\000s\000c\000r\000i\000p\000t\000i\000o\000n\000\040\000o\000f\000\040\000E\000a\000c\000h\000\040\000M\000o\000d\000e\000l}{section.0.6}% 13
\BOOKMARK [1][-]{section.0.7}{\376\377\000F\000e\000a\000t\000u\000r\000e\000\040\000E\000n\000g\000i\000n\000e\000e\000r\000i\000n\000g}{}% 14
\BOOKMARK [1][-]{section.0.8}{\376\377\000E\000x\000p\000l\000o\000r\000a\000t\000o\000r\000y\000\040\000D\000a\000t\000a\000\040\000A\000n\000a\000l\000y\000s\000i\000s}{}% 15
\BOOKMARK [2][-]{subsection.0.8.1}{\376\377\000R\000e\000l\000a\000t\000i\000o\000n\000s\000h\000i\000p\000\040\000B\000e\000t\000w\000e\000e\000n\000\040\000T\000i\000m\000e\000\040\000o\000f\000\040\000D\000a\000y\000\040\000a\000n\000d\000\040\000P\000o\000w\000e\000r\000\040\000D\000e\000m\000a\000n\000d}{section.0.8}% 16
\BOOKMARK [2][-]{subsection.0.8.2}{\376\377\000R\000e\000l\000a\000t\000i\000o\000n\000s\000h\000i\000p\000\040\000B\000e\000t\000w\000e\000e\000n\000\040\000T\000e\000m\000p\000e\000r\000a\000t\000u\000r\000e\000\040\000a\000n\000d\000\040\000D\000e\000m\000a\000n\000d}{section.0.8}% 17
\BOOKMARK [2][-]{subsection.0.8.3}{\376\377\000S\000o\000u\000t\000h\000\040\000A\000u\000s\000t\000r\000a\000l\000i\000a\000\040\000a\000n\000d\000\040\000V\000i\000c\000t\000o\000r\000i\000a}{section.0.8}% 18
\BOOKMARK [1][-]{section.0.9}{\376\377\000A\000n\000a\000l\000y\000s\000i\000s\000\040\000a\000n\000d\000\040\000R\000e\000s\000u\000l\000t\000s}{}% 19
\BOOKMARK [1][-]{section.0.10}{\376\377\000C\000o\000n\000c\000l\000u\000s\000i\000o\000n\000\040\000a\000n\000d\000\040\000F\000u\000r\000t\000h\000e\000r\000\040\000I\000s\000s\000u\000e\000s}{}% 20
